C51 COMPILER V9.01   MAIN                                                                  11/21/2021 20:02:03 PAGE 1   


C51 COMPILER V9.01, COMPILATION OF MODULE MAIN
OBJECT MODULE PLACED IN main.OBJ
COMPILER INVOKED BY: D:\51software\C51\BIN\C51.EXE main.c BROWSE DEBUG OBJECTEXTEND

line level    source

   1          #include <reg52.h>
   2          #include <QX_A11.h>
   3          #include <intrins.h>
   4          #include <song.h>
   5          
   6          typedef  int u16;         
   7          typedef unsigned char u8;
   8          unsigned char   pwm_val_left,pwm_val_right;     
   9          unsigned char   pwm_left,pwm_right;                     
  10          
  11          #define         PWM_DUTY                200                     
  12          #define         PWM_HIGH_MIN    70                      
  13          #define         PWM_HIGH_MAX    PWM_DUTY        
  14          
  15           
  16          void forward(unsigned char LeftSpeed,unsigned char RightSpeed);//前进 
  17          void left_run(unsigned char LeftSpeed,unsigned char RightSpeed);//左转  
  18          void right_run(unsigned char LeftSpeed,unsigned char RightSpeed);//右转
  19          void stop(void);//停车
  20          void back(unsigned char LeftSpeed,unsigned char RightSpeed);//后退
  21          
  22          u8 date;//蓝牙串口存储值
  23          
  24          void wait(u16 i)
  25          {
  26   1              while(i--);     
  27   1      }
  28          
  29          void UartConfiguration()  
  30          {
  31   1          TMOD=0x20;  //定时器1方式2   
  32   1          TH1=0xfd;     //波特率9600
  33   1          TL1=0xfd;  
  34   1          TR1=1;      //启动定时器1     
  35   1          SM0=0;SM1=1;      //串口方式1         
  36   1          REN=1;      //允许接收   
  37   1          PCON=0x00;  //关倍频   
  38   1          ES=1;       //开串口中断
  39   1      
  40   1              TMOD |= 0x02;//定时器0方式2
  41   1              TH0 = 164;
  42   1              TL0 = 164;//100微秒
  43   1              TR0 = 1;//启动定时器0
  44   1              ET0 = 1;//允许定时器0中断
  45   1      
  46   1              IT1=1;      //下降沿触发
  47   1          EX1=1;      //打开外部中断1
  48   1      
  49   1              EA=1;       //开总中断   
  50   1      
  51   1      
  52   1      }
  53          
  54          
  55          void LoadPWM(void)
C51 COMPILER V9.01   MAIN                                                                  11/21/2021 20:02:03 PAGE 2   

  56          {
  57   1              if(pwm_left > PWM_HIGH_MAX)             pwm_left = PWM_HIGH_MAX;        
  58   1              if(pwm_left < PWM_HIGH_MIN)             pwm_left = PWM_HIGH_MIN;        
  59   1              if(pwm_right > PWM_HIGH_MAX)    pwm_right = PWM_HIGH_MAX;       
  60   1              if(pwm_right < PWM_HIGH_MIN)    pwm_right = PWM_HIGH_MIN;       //保险装置
  61   1              if(pwm_val_left<=pwm_left)              Left_moto_pwm = 1;  //左高
  62   1              else Left_moto_pwm = 0;                                                     //左低
  63   1              if(pwm_val_left>=PWM_DUTY)              pwm_val_left = 0;       //溢出归零
  64   1      
  65   1              if(pwm_val_right<=pwm_right)    Right_moto_pwm = 1; //右高
  66   1              else Right_moto_pwm = 0;                                                        //右低
  67   1              if(pwm_val_right>=PWM_DUTY)             pwm_val_right = 0;      //溢出归零
  68   1      }
  69          
  70             
  71          void main(void)
  72          {
  73   1              u8 symbol=0;//速度更改
  74   1              u8 lowspeed=100;
  75   1              u8 highspeed=180;
  76   1              u8 error=10;//左右轮实验误差
  77   1              han=0;//扬声器边沿触发，P0.1
  78   1              UartConfiguration();//定时器和中断初始化
  79   1      
  80   1              
  81   1              while(1)
  82   1              {
  83   2                      if(date=='v')                     //速度
  84   2                        {
  85   3                          LED1=~LED1;
  86   3                              symbol=!symbol;
  87   3                              date=0;
  88   3                        }
  89   2                      else if(date=='m')                //响团子大家族音乐,用P3.3（KEY）触发下降沿引发外部中断1
  90   2                      {
  91   3                         KEY=0;
  92   3                         
  93   3                         wait(5000);
  94   3                         KEY=1;
  95   3                         date=0; 
  96   3                      }
  97   2                              
  98   2                      else if(date=='h')                //“您已进入中华人民共和国领土”语音播报
  99   2                      {
 100   3                         han=!han;
 101   3                         delay(2000);
 102   3                         han=!han;
 103   3                         date=0;
 104   3                      }
 105   2                      
 106   2                      else if(date=='w')                //前进
 107   2                      {
 108   3                         if(symbol==0)
 109   3                         {
 110   4                           forward(lowspeed,lowspeed+error);
 111   4                         }
 112   3                         if(symbol==1)
 113   3                         {
 114   4                           forward(highspeed,highspeed+error);
 115   4                         }
 116   3                         date=0;
 117   3                      }
C51 COMPILER V9.01   MAIN                                                                  11/21/2021 20:02:03 PAGE 3   

 118   2                      else if(date=='a')                 //左转
 119   2                      {
 120   3                         if(symbol==0)
 121   3                         {
 122   4                           left_run(lowspeed,lowspeed+error);
 123   4                         }
 124   3                         if(symbol==1)
 125   3                         {
 126   4                           left_run(highspeed,highspeed+error);
 127   4                         }
 128   3                         date=0;
 129   3                      }
 130   2                      else if(date=='d')                      //右转
 131   2                      {
 132   3                         if(symbol==0)
 133   3                         {
 134   4                           right_run(lowspeed,lowspeed+error);
 135   4                         }
 136   3                         if(symbol==1)
 137   3                         {
 138   4                           right_run(highspeed,highspeed+error);
 139   4                         }
 140   3                         date=0;
 141   3                      }
 142   2                      else if(date=='s')                 //后退
 143   2                      {
 144   3                         if(symbol==0)
 145   3                         {
 146   4                           back(lowspeed,lowspeed+error);
 147   4                         }
 148   3                         if(symbol==1)
 149   3                         {
 150   4                           back(highspeed,highspeed+error);
 151   4                         }
 152   3                         date=0;
 153   3                      }
 154   2                      else if(date=='p')                //停车
 155   2                      {
 156   3                         stop();
 157   3                         wait(5000);
 158   3                         date=0;
 159   3                      }
 160   2      
 161   2      
 162   2                      
 163   2              }       
 164   1      }
 165          
 166          void forward(unsigned char LeftSpeed,unsigned char RightSpeed)
 167          {
 168   1              pwm_left = LeftSpeed,pwm_right =  RightSpeed;//设置速度
 169   1              left_motor_go; //左电机前进
 170   1              right_motor_go; //右电机前进
 171   1      }
 172          
 173          
 174          void left_run(unsigned char LeftSpeed,unsigned char RightSpeed)
 175          {
 176   1              pwm_left = LeftSpeed,pwm_right =  RightSpeed;
 177   1              left_motor_back; //左电机后退
 178   1              right_motor_go; //右电机前进    
 179   1      }
C51 COMPILER V9.01   MAIN                                                                  11/21/2021 20:02:03 PAGE 4   

 180          
 181          
 182          void right_run(unsigned char LeftSpeed,unsigned char RightSpeed)
 183          {
 184   1              pwm_left = LeftSpeed,pwm_right =  RightSpeed;
 185   1              right_motor_back;//右电机后退
 186   1              left_motor_go;    //左电机前进
 187   1      }
 188          
 189          void stop(void)
 190          {
 191   1              left_motor_stops;
 192   1              right_motor_stops;
 193   1      }
 194          void back(unsigned char LeftSpeed,unsigned char RightSpeed)
 195          {
 196   1              pwm_left = LeftSpeed,pwm_right =  RightSpeed;
 197   1              right_motor_back;//右电机后退
 198   1              left_motor_back;    //左电机前进
 199   1      }
 200          
 201          
 202          void timer0_int (void) interrupt 1
 203          {
 204   1               pwm_val_left++;
 205   1               pwm_val_right++;
 206   1               LoadPWM();//装载PWM输出
 207   1      }
 208          
 209          void Int1() interrupt 2         //当检测到P3^3口下降沿触发
 210          {
 211   1      
 212   1        u16 num=300,i;
 213   1        LED2=~LED2;
 214   1        delay(1000);                     //消抖
 215   1        if(KEY==0)                       
 216   1        {
 217   2      
 218   2          music();
 219   2            
 220   2        }
 221   1      }
*** WARNING C280 IN LINE 212 OF MAIN.C: 'i': unreferenced local variable
 222          
 223          void Uart() interrupt 4
 224          {
 225   1          
 226   1          date=SBUF;        //取数值，在date里
 227   1          RI=0;                         //清标志位
 228   1       
 229   1      
 230   1              
 231   1      }


MODULE INFORMATION:   STATIC OVERLAYABLE
   CODE SIZE        =    552    ----
   CONSTANT SIZE    =   ----    ----
   XDATA SIZE       =   ----    ----
   PDATA SIZE       =   ----    ----
   DATA SIZE        =      5       8
   IDATA SIZE       =   ----    ----
C51 COMPILER V9.01   MAIN                                                                  11/21/2021 20:02:03 PAGE 5   

   BIT SIZE         =   ----    ----
END OF MODULE INFORMATION.


C51 COMPILATION COMPLETE.  1 WARNING(S),  0 ERROR(S)
